<?xml version="1.0" encoding="UTF-8"?>
<!-- Generated by org.testng.reporters.JUnitReportReporter -->
<testsuite hostname="LAPTOP-SGLRCIKF" failures="0" tests="1" name="selenium_project.selenium_project.Scenario2" time="70.341" errors="0" timestamp="2023-11-15T22:03:09 EST" skipped="0">
  <testcase classname="selenium_project.selenium_project.Scenario2" name="scenario2" time="70.341"/>
  <system-out>
    <![CDATA[Tab icon title Assertion: The tab name is correct.]]>
  </system-out>
</testsuite> <!-- selenium_project.selenium_project.Scenario2 -->
